================================================================================
SMART FARMER LOAN INTELLIGENCE MODULE - MASTER DEMO
AI Financial Advisor with 9 Advanced Modules
================================================================================

ЁЯУЛ DEMO: Tamil Nadu Farmer - Complete Profile
--------------------------------------------------------------------------------
{
  "status": "SUCCESS",
  "user_id": "FARMER_TN_2026_001",
  "eligibility_score": "81.8 / 100",
  "eligibility_status": "Good",
  "eligibility_breakdown": {
    "land_score": 20,
    "income_score": 16,
    "soil_score": 12.8,
    "irrigation_score": 19.0,
    "crop_score": 14.0
  },
  "risk_score": "18.0 / 100",
  "risk_breakdown": {
    "weather_risk": 12.0,
    "market_risk": 6.0,
    "loan_history_risk": 0
  },
  "approval_probability": "63.8%",
  "recommended_loans": [
    {
      "scheme": "Kisan Credit Card",
      "loan_amount": "тВ╣168,000",
      "eligible_amount_raw": 168000,
      "interest_rate": "4% (after interest subvention)",
      "subsidy": "Interest subvention available",
      "apply_link": "https://www.indianbank.in/departments/agri-loans/kisan-credit-card/",
      "last_updated": "2026-02-26"
    },
    {
      "scheme": "Tamil Nadu Cooperative Crop Loan",
      "loan_amount": "тВ╣168,000",
      "eligible_amount_raw": 168000,
      "interest_rate": "0% (Zero Interest)",
      "subsidy": "Full interest subsidy",
      "apply_link": "https://www.tn.gov.in",
      "last_updated": "2026-02-26"
    },
    {
      "scheme": "PM Fasal Bima Yojana",
      "loan_amount": "тВ╣150,000",
      "eligible_amount_raw": 150000,
      "interest_rate": "2% premium (Govt subsidized)",
      "subsidy": "Premium subsidy by government",
      "apply_link": "https://pmfby.gov.in",
      "last_updated": "2026-02-26"
    }
  ],
  "improvement_suggestions": [
    "роЕродро┐роХ ро▓ро╛рокроорпН родро░рпБроорпН рокропро┐ро░рпНроХро│рпИ (Organic crops/Spices) родрпЗро░рпНро╡рпБ роЪрпЖропрпНропро▓ро╛роорпН (Consider higher profitability crops)",
    "роХрпВроЯрпНроЯрпБро▒ро╡рпБ ро╡роЩрпНроХро┐ родро┐роЯрпНроЯроЩрпНроХро│ро┐ро▓рпН ро╡ро┐рогрпНрогрокрпНрокро┐роХрпНроХро▓ро╛роорпН - роХрпБро▒рпИроирпНрод ро╡роЯрпНроЯро┐ ро╡ро┐роХро┐родроорпН (Apply for cooperative bank schemes)"
  ],
  "repayment_plan": {
    "harvest_month": "May",
    "harvest_season": "Kharif/Rabi",
    "repayment_start": "After May Harvest",
    "expected_revenue": "тВ╣240,000",
    "production_cost": "тВ╣96,000",
    "loan_repayment": "тВ╣168,000",
    "profit_after_repayment": "тВ╣-24,000",
    "profit_margin": "-10.0%"
  },
  "probability_simulation": {
    "previous": "63.8%",
    "updated": "63.8%",
    "change_indicator": "INITIAL",
    "message": "Modify inputs to see probability changes"
  },
  "voice_explanation_tamil": "роЙроЩрпНроХро│рпБроХрпНроХрпБ Kisan Credit Card роХроЯройрпН рокрпЖро▒ роиро▓рпНро▓ родроХрпБродро┐ роЙро│рпНро│родрпБ. роЙроЩрпНроХро│рпН роиро┐ро▓ роЕро│ро╡рпБ 6.0 роПроХрпНроХро░рпН рооро▒рпНро▒рпБроорпН Rice роЪро╛роХрпБрокроЯро┐ роЪрпЖропрпНро╡родро╛ро▓рпН роЗроирпНрод роХроЯройрпН рокро░ро┐роирпНродрпБро░рпИроХрпНроХрокрпНрокроЯрпБроХро┐ро▒родрпБ. ро╡роЯрпНроЯро┐ ро╡ро┐роХро┐родроорпН 4% (after interest subvention) роороЯрпНроЯрпБроорпЗ. роЙроЩрпНроХро│рпН Rice роЕро▒рпБро╡роЯрпИ May рооро╛родродрпНродро┐ро▓рпН роорпБроЯро┐ропрпБроорпН. роЕро▒рпБро╡роЯрпИроХрпНроХрпБ рокро┐ро▒роХрпБ роХроЯройрпН родро┐ро░рпБрокрпНрокро┐роЪрпН роЪрпЖро▓рпБродрпНродро▓ро╛роорпН. роОродро┐ро░рпНрокро╛ро░рпНроХрпНроХрокрпНрокроЯрпБроорпН ро▓ро╛рокроорпН ро░рпВрокро╛ропрпН тВ╣-24,000.",
  "visibility": "PRIVATE_USER_ONLY",
  "generated_at": "2026-02-27T10:37:38.025945"
}


ЁЯОп DEMO: Interactive Probability Simulator
--------------------------------------------------------------------------------
Scenario: Farmer changes irrigation from Drip to Canal
{
  "previous_probability": "63.8%",
  "updated_probability": "59.8%",
  "change": "-4.0",
  "change_indicator": "DECREASE",
  "message": "ро╡рпЖро▒рпНро▒ро┐ ро╡ро╛ропрпНрокрпНрокрпБ роЪро▒рпНро▒рпБ роХрпБро▒рпИроирпНродрпБро│рпНро│родрпБ (Slightly Decreased)"
}

================================================================================
тЬЕ MASTER MODULE DEMO COMPLETE
тЬЕ Data saved to: smart_loan_records.json
================================================================================

ЁЯПЫя╕П  GOVERNMENT SMART FARMING APPLICATION
MODULE: Available Loans Filter
Version: 1.0 (Simple Farmer-Friendly)
Date: February 27, 2026


======================================================================
DEMO: Available Loans for Tamil Nadu Farmer
======================================================================

тЬЕ Status: SUCCESS
ЁЯСд User ID: FARMER_TN_001
ЁЯУН State: Tamil Nadu
ЁЯМ╛ Land Size: 3.0 acres

ЁЯУЛ Total Available Loans: 4

----------------------------------------------------------------------

1. Kisan Credit Card (KCC)
   Description: Short-term crop loan for seeds, fertilizers, and farm needs. Easy repayment after harvest.
   Maximum Amount: тВ╣3,00,000
   Interest Rate: 4% (after interest subvention)
   Provider: All Commercial Banks, Cooperative Banks, RRBs
   Apply Link: https://www.nabard.org/content1.aspx?id=523&catid=8

2. Tamil Nadu Cooperative Crop Loan
   Description: Zero-interest crop loan from Tamil Nadu Cooperative Banks. Best option for small farmers.
   Maximum Amount: тВ╣2,00,000
   Interest Rate: 0% (Zero Interest - Government Subsidy)
   Provider: Tamil Nadu State Cooperative Banks
   Apply Link: https://www.tn.gov.in/scheme/category_data/13

3. Agriculture Infrastructure Fund
   Description: Medium-term loan for drip irrigation, cold storage, warehouses, and farm equipment.
   Maximum Amount: тВ╣5,00,000
   Interest Rate: 3% (with interest subvention)
   Provider: Scheduled Commercial Banks
   Apply Link: https://agriinfra.dac.gov.in/

4. PM Fasal Bima Yojana (Crop Insurance)
   Description: Affordable crop insurance against natural disasters, pests, and crop failure.
   Maximum Amount: тВ╣2,00,000 (Sum Insured)
   Interest Rate: 2% premium (Kharif), 1.5% (Rabi)
   Provider: Agriculture Insurance Company of India
   Apply Link: https://pmfby.gov.in/

======================================================================

======================================================================
DEMO: Available Loans for Sikkim Organic Farmer
======================================================================

тЬЕ Status: SUCCESS
ЁЯСд User ID: FARMER_SK_001
ЁЯУН State: Sikkim
ЁЯМ╛ Land Size: 5.0 acres

ЁЯУЛ Total Available Loans: 4

----------------------------------------------------------------------

1. Sikkim Organic Farming Loan
   Description: Special loan for 100% organic farmers in Sikkim. Covers seeds, inputs, and certification.
   Maximum Amount: тВ╣5,00,000
   Interest Rate: 4-5% (with government subsidy)
   Provider: Sikkim State Cooperative Bank
   Apply Link: https://sikkimagrisnet.org/StaticPages/loan-schemes.aspx

2. Agriculture Infrastructure Development Loan
   Description: Loan for building greenhouses, polyhouses, and modern farming infrastructure in hilly areas.
   Maximum Amount: тВ╣10,00,000
   Interest Rate: 3%
   Provider: NABARD and Commercial Banks
   Apply Link: https://sikkim.gov.in/departments/agriculture

3. Allied Agricultural Activities Loan
   Description: Loan for poultry, dairy, fishery, bee-keeping, and mushroom farming activities.
   Maximum Amount: тВ╣3,00,000
   Interest Rate: 5%
   Provider: Regional Rural Banks
   Apply Link: https://www.nabard.org/

4. Kisan Credit Card (KCC)
   Description: Short-term crop loan for seeds, fertilizers, and farm needs. Easy repayment after harvest.
   Maximum Amount: тВ╣3,00,000
   Interest Rate: 4% (after interest subvention)
   Provider: All Commercial Banks, Cooperative Banks, RRBs
   Apply Link: https://www.nabard.org/content1.aspx?id=523&catid=8

======================================================================

тЬЕ Demo Complete!

ЁЯТб Key Features:
   - Simple loan display (no AI calculations)
   - State-based filtering
   - Land size eligibility check
   - Official government links only
   - Private user-specific results

ЁЯПЫя╕ПЁЯПЫя╕ПЁЯПЫя╕ПЁЯПЫя╕ПЁЯПЫя╕ПЁЯПЫя╕ПЁЯПЫя╕ПЁЯПЫя╕ПЁЯПЫя╕ПЁЯПЫя╕ПЁЯПЫя╕ПЁЯПЫя╕ПЁЯПЫя╕ПЁЯПЫя╕ПЁЯПЫя╕ПЁЯПЫя╕ПЁЯПЫя╕ПЁЯПЫя╕ПЁЯПЫя╕ПЁЯПЫя╕П
AI FARMER LOAN RECOMMENDATION & INFORMATION MODULE
Integrated Inside Smart Crop Suggestion App
ЁЯПЫя╕ПЁЯПЫя╕ПЁЯПЫя╕ПЁЯПЫя╕ПЁЯПЫя╕ПЁЯПЫя╕ПЁЯПЫя╕ПЁЯПЫя╕ПЁЯПЫя╕ПЁЯПЫя╕ПЁЯПЫя╕ПЁЯПЫя╕ПЁЯПЫя╕ПЁЯПЫя╕ПЁЯПЫя╕ПЁЯПЫя╕ПЁЯПЫя╕ПЁЯПЫя╕ПЁЯПЫя╕ПЁЯПЫя╕П

тЬи Features:
  тЬУ Auto-fetches logged-in farmer profile (NO manual entry)
  тЬУ Shows only eligible government loans
  тЬУ Multi-language: Tamil, English, Nepali
  тЬУ Indian Government portal design
  тЬУ Private personalized recommendations

================================================================================

================================================================================
DEMO 1: Tamil Nadu Farmer (Tamil Language)
================================================================================

тЬЕ Status: SUCCESS
ЁЯСд Farmer: Rajesh Kumar
ЁЯЖФ User ID: FARMER_TN_001
ЁЯУН Location: Coimbatore, Tamil Nadu
ЁЯМ╛ Land Size: 4.5 acres
ЁЯМР Language: Tamil (родрооро┐ро┤рпН)

ЁЯТ░ Total Eligible Loans: 4

--------------------------------------------------------------------------------

1. ЁЯМ╛ЁЯЪЬ роХро┐роЪро╛ройрпН роХроЯройрпН роЕроЯрпНроЯрпИ (KCC)
   родроХрпБродро┐: роиро┐ро▓ роЙро░ро┐роорпИ роЙро│рпНро│ роЕройрпИродрпНродрпБ ро╡ро┐ро╡роЪро╛ропро┐роХро│рпН
   роЕродро┐роХрокроЯрпНроЪ родрпКроХрпИ: тВ╣3,00,000
   ро╡роЯрпНроЯро┐ ро╡ро┐роХро┐родроорпН: 4% (ро╡роЯрпНроЯро┐ рооро╛ройро┐ропродрпНродро┐ро▒рпНроХрпБ рокро┐ро▒роХрпБ)
   ро╡ро┐ро╡ро░роорпН: ро╡ро┐родрпИроХро│рпН, роЙро░роЩрпНроХро│рпН, рокрпВроЪрпНроЪро┐роХрпНроХрпКро▓рпНро▓ро┐роХро│рпН ро╡ро╛роЩрпНроХро╡рпБроорпН, родро┐ройроЪро░ро┐ ро╡ро┐ро╡роЪро╛роп роЪрпЖро▓ро╡рпБроХро│рпИ роЪроирпНродро┐роХрпНроХро╡рпБроорпН роХрпБро▒рпБроХро┐роп роХро╛ро▓ рокропро┐ро░рпН роХроЯройрпН. роЕро▒рпБро╡роЯрпИроХрпНроХрпБ рокро┐ро▒роХрпБ роОро│ро┐родро╛роХ родро┐ро░рпБрокрпНрокро┐роЪрпН роЪрпЖро▓рпБродрпНродро▓ро╛роорпН.
   ро╡ро┤роЩрпНроХрпБрокро╡ро░рпН: All Commercial Banks, Cooperative Banks, RRBs
   ЁЯФЧ Apply: https://www.nabard.org/content1.aspx?id=523&catid=8

2. ЁЯПжЁЯТЪ родрооро┐ро┤рпНроиро╛роЯрпБ роХрпВроЯрпНроЯрпБро▒ро╡рпБ рокропро┐ро░рпН роХроЯройрпН
   родроХрпБродро┐: родрооро┐ро┤рпНроиро╛роЯрпНроЯро┐ро▓рпН роЙро│рпНро│ роЪро┐ро▒рпБ рооро▒рпНро▒рпБроорпН роХрпБро▒рпБ ро╡ро┐ро╡роЪро╛ропро┐роХро│рпН
   роЕродро┐роХрокроЯрпНроЪ родрпКроХрпИ: тВ╣2,00,000
   ро╡роЯрпНроЯро┐ ро╡ро┐роХро┐родроорпН: 0% (ро╡роЯрпНроЯро┐ роЗро▓рпНро▓рпИ - роорпБро┤рпБ роЕро░роЪрпБ рооро╛ройро┐ропроорпН)
   ро╡ро┐ро╡ро░роорпН: родрооро┐ро┤рпНроиро╛роЯрпБ роХрпВроЯрпНроЯрпБро▒ро╡рпБ ро╡роЩрпНроХро┐роХро│ро┐ро▓ро┐ро░рпБроирпНродрпБ ро╡роЯрпНроЯро┐ роЗро▓рпНро▓ро╛род рокропро┐ро░рпН роХроЯройрпН. роЕро░ро┐роЪро┐, роХро░рпБроорпНрокрпБ, рокро░рпБрокрпНрокрпБ ро╡роХрпИроХро│рпН рооро▒рпНро▒рпБроорпН рокро░рпБродрпНродро┐ ро╡ро│ро░рпНроХрпНроХ роЪро┐ро▒рпБ ро╡ро┐ро╡роЪро╛ропро┐роХро│рпБроХрпНроХрпБ роЪро┐ро▒роирпНрод ро╡ро╛ропрпНрокрпНрокрпБ.
   ро╡ро┤роЩрпНроХрпБрокро╡ро░рпН: Tamil Nadu State Cooperative Banks
   ЁЯФЧ Apply: https://www.tn.gov.in/scheme/category_data/13

3. ЁЯПЧя╕ПЁЯТз ро╡ро┐ро╡роЪро╛роп роЙро│рпНроХроЯрпНроЯроорпИрокрпНрокрпБ роиро┐родро┐
   родроХрпБродро┐: 2+ роПроХрпНроХро░рпН роиро┐ро▓роорпН роЙро│рпНро│ ро╡ро┐ро╡роЪро╛ропро┐роХро│рпН
   роЕродро┐роХрокроЯрпНроЪ родрпКроХрпИ: тВ╣5,00,000
   ро╡роЯрпНроЯро┐ ро╡ро┐роХро┐родроорпН: 3% (ро╡роЯрпНроЯро┐ рооро╛ройро┐ропродрпНродрпБроЯройрпН)
   ро╡ро┐ро╡ро░роорпН: роЪрпКроЯрпНроЯрпБ роирпАро░рпН рокро╛роЪройроорпН роиро┐ро▒рпБро╡рпБродро▓рпН, роХрпБро│ро┐ро░рпНроЪро╛родрой роХро┐роЯроЩрпНроХрпБ, роХро┐роЯроЩрпНроХрпБроХро│рпН, роЯро┐ро░ро╛роХрпНроЯро░рпНроХро│рпН рооро▒рпНро▒рпБроорпН роиро╡рпАрой ро╡ро┐ро╡роЪро╛роп роЙрокроХро░рогроЩрпНроХро│рпИ ро╡ро╛роЩрпНроХрпБро╡родро▒рпНроХро╛рой роироЯрпБродрпНродро░ роХро╛ро▓ роХроЯройрпН.
   ро╡ро┤роЩрпНроХрпБрокро╡ро░рпН: Scheduled Commercial Banks
   ЁЯФЧ Apply: https://agriinfra.dac.gov.in/

4. ЁЯЫбя╕ПЁЯМ▒ рокро┐ро░родрооро░рпН рокроЪро▓рпН рокрпАрооро╛ ропрпЛроЬройро╛ (рокропро┐ро░рпН роХро╛рокрпНрокрпАроЯрпБ)
   родроХрпБродро┐: роЕройрпИродрпНродрпБ ро╡ро┐ро╡роЪро╛ропро┐роХро│рпН (роЙро░ро┐роорпИропро╛ро│ро░рпН/роХрпБродрпНродроХрпИродро╛ро░ро░рпН/рокроЩрпНроХрпБ родрпЛроЯрпНроЯроХрпНроХро╛ро░ро░рпН)
   роЕродро┐роХрокроЯрпНроЪ родрпКроХрпИ: тВ╣2,00,000 (Sum Insured)
   ро╡роЯрпНроЯро┐ ро╡ро┐роХро┐родроорпН: роХро░рпАрокрпН рокро░рпБро╡родрпНродро┐ро▒рпНроХрпБ 2% рокро┐ро░рпАрооро┐ропроорпН, ро░рокро┐ рокро░рпБро╡родрпНродро┐ро▒рпНроХрпБ 1.5%
   ро╡ро┐ро╡ро░роорпН: роЗропро▒рпНроХрпИ рокрпЗро░ро┐роЯро░рпНроХро│рпН, рокрпВроЪрпНроЪро┐роХро│рпН, роирпЛропрпНроХро│рпН рооро▒рпНро▒рпБроорпН рокропро┐ро░рпН родрпЛро▓рпНро╡ро┐роХрпНроХрпБ роОродро┐ро░ро╛рой рооро▓ро┐ро╡рпБ рокропро┐ро░рпН роХро╛рокрпНрокрпАроЯрпБ. роЕро░роЪро╛роЩрпНроХроорпН рокрпЖро░рпБроорпНрокро╛ро▓ро╛рой рокро┐ро░рпАрооро┐ропродрпНродрпИ роЪрпЖро▓рпБродрпНродрпБроХро┐ро▒родрпБ.
   ро╡ро┤роЩрпНроХрпБрокро╡ро░рпН: Agriculture Insurance Company of India
   ЁЯФЧ Apply: https://pmfby.gov.in/

================================================================================

================================================================================
DEMO 2: Sikkim Farmer (Nepali Language)
================================================================================

тЬЕ Status: SUCCESS
ЁЯСд Farmer: Karma Dorjee
ЁЯЖФ User ID: FARMER_SK_001
ЁЯУН Location: East Sikkim, Sikkim
ЁЯМ╛ Land Size: 5.0 acres
ЁЯМР Language: Nepali (рдиреЗрдкрд╛рд▓реА)

ЁЯТ░ Total Eligible Loans: 4

--------------------------------------------------------------------------------

1. ЁЯМ┐ЁЯПФя╕П рд╕рд┐рдХреНрдХрд┐рдо рдЬреИрд╡рд┐рдХ рдЦреЗрддреА рдЛрдг
   рдпреЛрдЧреНрдпрддрд╛: рд╕рд┐рдХреНрдХрд┐рдордорд╛ 100% рдЬреИрд╡рд┐рдХ рдкреНрд░рдорд╛рдгрд┐рдд рдХрд┐рд╕рд╛рдирд╣рд░реВ
   рдЕрдзрд┐рдХрддрдо рд░рдХрдо: тВ╣5,00,000
   рдмреНрдпрд╛рдЬ рджрд░: 4-5% (рд╕рд░рдХрд╛рд░реА рдЕрдиреБрджрд╛рди рд╕рдВрдЧ)
   рд╡рд┐рд╡рд░рдг: 100% рдЬреИрд╡рд┐рдХ рд░рд╛рдЬреНрдп рд╕рд┐рдХреНрдХрд┐рдордХреЛ рд▓рд╛рдЧрд┐ рд╡рд┐рд╢реЗрд╖ рдЛрдгред рдЬреИрд╡рд┐рдХ рдмреАрдЙ, рдЬреИрд╡ рдорд▓, рдЬреИрд╡рд┐рдХ рдкреНрд░рдорд╛рдгреАрдХрд░рдг рд░ рдорд╛рд░реНрдХреЗрдЯрд┐рдЩ рд╕рдорд░реНрдерди рд╕рдорд╛рд╡реЗрд╢ред
   рдкреНрд░рджрд╛рдпрдХ: Sikkim State Cooperative Bank
   ЁЯФЧ Apply: https://sikkimagrisnet.org/StaticPages/loan-schemes.aspx

2. ЁЯПЧя╕ПЁЯПФя╕П рдХреГрд╖рд┐ рдкреВрд░реНрд╡рд╛рдзрд╛рд░ рд╡рд┐рдХрд╛рд╕ рдЛрдг
   рдпреЛрдЧреНрдпрддрд╛: 3+ рдПрдХрд░ рднрдПрдХрд╛ рдкрд╣рд╛рдбреА рдХреНрд╖реЗрддреНрд░рдХрд╛ рдХрд┐рд╕рд╛рдирд╣рд░реВ
   рдЕрдзрд┐рдХрддрдо рд░рдХрдо: тВ╣10,00,000
   рдмреНрдпрд╛рдЬ рджрд░: 3%
   рд╡рд┐рд╡рд░рдг: рд╕рд┐рдХреНрдХрд┐рдордХреЛ рдкрд╣рд╛рдбреА рднреВрднрд╛рдЧрдХрд╛ рд▓рд╛рдЧрд┐ рдЙрдкрдпреБрдХреНрдд рд╣рд░рд┐рдд рдЧреГрд╣, рдкреЛрд▓рд┐рд╣рд╛рдЙрд╕ рд░ рдЖрдзреБрдирд┐рдХ рдХреГрд╖рд┐ рдкреВрд░реНрд╡рд╛рдзрд╛рд░ рдирд┐рд░реНрдорд╛рдгрдХреЛ рд▓рд╛рдЧрд┐ рдЛрдгред
   рдкреНрд░рджрд╛рдпрдХ: NABARD and Commercial Banks
   ЁЯФЧ Apply: https://sikkim.gov.in/departments/agriculture

3. ЁЯРДЁЯРЭ рд╕рдореНрдмрдиреНрдзрд┐рдд рдХреГрд╖рд┐ рдЧрддрд┐рд╡рд┐рдзрд┐ рдЛрдг
   рдпреЛрдЧреНрдпрддрд╛: 0.5+ рдПрдХрд░ рднрдПрдХрд╛ рдХрд┐рд╕рд╛рдирд╣рд░реВ
   рдЕрдзрд┐рдХрддрдо рд░рдХрдо: тВ╣3,00,000
   рдмреНрдпрд╛рдЬ рджрд░: 5%
   рд╡рд┐рд╡рд░рдг: рдирд┐рдпрдорд┐рдд рдЦреЗрддреАрдХреЛ рд╕рд╛рдерд╕рд╛рдереИ рдХреБрдЦреБрд░рд╛ рдкрд╛рд▓рди, рджреБрдЧреНрдз рдЙрддреНрдкрд╛рджрди, рдорд╛рдЫрд╛ рдкрд╛рд▓рди, рдореМрд░реА рдкрд╛рд▓рди рд░ рдЪреНрдпрд╛рдЙ рдЦреЗрддреАрдХреЛ рд▓рд╛рдЧрд┐ рдЛрдгред
   рдкреНрд░рджрд╛рдпрдХ: Regional Rural Banks
   ЁЯФЧ Apply: https://www.nabard.org/

4. ЁЯМ╛ЁЯЪЬ рдХрд┐рд╕рд╛рди рдХреНрд░реЗрдбрд┐рдЯ рдХрд╛рд░реНрдб (KCC)
   рдпреЛрдЧреНрдпрддрд╛: рднреВрдорд┐ рд╕реНрд╡рд╛рдорд┐рддреНрд╡ рднрдПрдХрд╛ рд╕рдмреИ рдХрд┐рд╕рд╛рдирд╣рд░реВ
   рдЕрдзрд┐рдХрддрдо рд░рдХрдо: тВ╣3,00,000
   рдмреНрдпрд╛рдЬ рджрд░: 4% (рдмреНрдпрд╛рдЬ рдЕрдиреБрджрд╛рди рдкрдЫрд┐)
   рд╡рд┐рд╡рд░рдг: рдмреАрдЙ, рдорд▓, рдХреАрдЯрдирд╛рд╢рдХ рдХрд┐рдиреНрди рд░ рджреИрдирд┐рдХ рдЦреЗрддреА рдЦрд░реНрдЪ рдкреВрд░рд╛ рдЧрд░реНрди рдЫреЛрдЯреЛ рдЕрд╡рдзрд┐рдХреЛ рдмрд╛рд▓реА рдЛрдгред рдлрд╕рд▓ рдХрд╛рдЯреЗ рдкрдЫрд┐ рд╕рдЬрд┐рд▓реЛ рднреБрдХреНрддрд╛рдиреАред
   рдкреНрд░рджрд╛рдпрдХ: All Commercial Banks, Cooperative Banks, RRBs
   ЁЯФЧ Apply: https://www.nabard.org/content1.aspx?id=523&catid=8

================================================================================

================================================================================
DEMO 3: Tamil Nadu Farmer (English Language)
================================================================================

тЬЕ Status: SUCCESS
ЁЯСд Farmer: Rajesh Kumar
ЁЯУН Location: Coimbatore, Tamil Nadu
ЁЯМР Language: English

ЁЯТ░ Total Eligible Loans: 4

--------------------------------------------------------------------------------

1. ЁЯМ╛ЁЯЪЬ Kisan Credit Card (KCC)
   Eligible: All farmers with land ownership
   Maximum: тВ╣3,00,000
   Interest: 4% (after interest subvention)
   Description: Short-term crop loan for purchasing seeds, fertilizers, pesticides, and meeting daily farm expenses. Easy repayment after harvest.
   Provider: All Commercial Banks, Cooperative Banks, RRBs
   ЁЯФЧ Apply: https://www.nabard.org/content1.aspx?id=523&catid=8

2. ЁЯПжЁЯТЪ Tamil Nadu Cooperative Crop Loan
   Eligible: Small and Marginal farmers in Tamil Nadu
   Maximum: тВ╣2,00,000
   Interest: 0% (Zero Interest - Full Government Subsidy)
   Description: Interest-free crop loan from Tamil Nadu State Cooperative Banks. Best option for small farmers to grow rice, sugarcane, pulses, and cotton.
   Provider: Tamil Nadu State Cooperative Banks
   ЁЯФЧ Apply: https://www.tn.gov.in/scheme/category_data/13

3. ЁЯПЧя╕ПЁЯТз Agriculture Infrastructure Fund
   Eligible: Farmers with 2+ acres land
   Maximum: тВ╣5,00,000
   Interest: 3% (with interest subvention)
   Description: Medium-term loan for installing drip irrigation, building cold storage, warehouses, purchasing tractors and modern farm equipment.
   Provider: Scheduled Commercial Banks
   ЁЯФЧ Apply: https://agriinfra.dac.gov.in/

4. ЁЯЫбя╕ПЁЯМ▒ PM Fasal Bima Yojana (Crop Insurance)
   Eligible: All farmers (Owner/Tenant/Sharecropper)
   Maximum: тВ╣2,00,000 (Sum Insured)
   Interest: 2% premium for Kharif, 1.5% for Rabi
   Description: Affordable crop insurance against natural calamities, pests, diseases, and crop failure. Government pays majority of premium.
   Provider: Agriculture Insurance Company of India
   ЁЯФЧ Apply: https://pmfby.gov.in/

================================================================================


тЬЕ Demo Complete!

ЁЯТб Key Highlights:
  - Tamil Nadu farmer got 4 loans in Tamil
  - Sikkim farmer got 4 loans in Nepali
  - Same data available in English too

ЁЯОп Zero manual entry - All data from user profile!
ЁЯМР Full multi-language support!
ЁЯФТ Private results for each user!
Traceback (most recent call last):
  File "/Users/sudhan/Desktop/LOAN/SIH25062-/LOAN_MODULE/farmer_loan_system.py", line 1641, in <module>
    from smart_loan_intelligence import (
ModuleNotFoundError: No module named 'smart_loan_intelligence'
